[0.755s] Invoking command in '/home/vincent/Documents/IDT/hello_drone/src/idt': PYTHONPATH=/home/vincent/Documents/IDT/hello_drone/build/idt/prefix_override:/usr/lib/python3/dist-packages/colcon_core/task/python/colcon_distutils_commands:/home/vincent/Documents/IDT/hello_drone/install/idt/lib/python3.10/site-packages:${PYTHONPATH} /usr/bin/python3 -W ignore:setup.py install is deprecated setup.py egg_info --egg-base ../../build/idt build --build-base /home/vincent/Documents/IDT/hello_drone/build/idt/build install --record /home/vincent/Documents/IDT/hello_drone/build/idt/install.log --single-version-externally-managed install_data
[1.054s] running egg_info
[1.055s] writing ../../build/idt/idt.egg-info/PKG-INFO
[1.055s] writing dependency_links to ../../build/idt/idt.egg-info/dependency_links.txt
[1.055s] writing entry points to ../../build/idt/idt.egg-info/entry_points.txt
[1.055s] writing requirements to ../../build/idt/idt.egg-info/requires.txt
[1.056s] writing top-level names to ../../build/idt/idt.egg-info/top_level.txt
[1.058s] reading manifest file '../../build/idt/idt.egg-info/SOURCES.txt'
[1.110s] writing manifest file '../../build/idt/idt.egg-info/SOURCES.txt'
[1.110s] running build
[1.110s] running build_py
[1.110s] running install
[1.111s] running install_lib
[1.112s] running install_data
[1.112s] running install_egg_info
[1.115s] removing '/home/vincent/Documents/IDT/hello_drone/install/idt/lib/python3.10/site-packages/idt-0.1.0-py3.10.egg-info' (and everything under it)
[1.115s] Copying ../../build/idt/idt.egg-info to /home/vincent/Documents/IDT/hello_drone/install/idt/lib/python3.10/site-packages/idt-0.1.0-py3.10.egg-info
[1.116s] running install_scripts
[1.142s] Installing get_global_pos script to /home/vincent/Documents/IDT/hello_drone/install/idt/lib/idt
[1.143s] Installing hello_drone script to /home/vincent/Documents/IDT/hello_drone/install/idt/lib/idt
[1.143s] writing list of installed files to '/home/vincent/Documents/IDT/hello_drone/build/idt/install.log'
[1.174s] Invoked command in '/home/vincent/Documents/IDT/hello_drone/src/idt' returned '0': PYTHONPATH=/home/vincent/Documents/IDT/hello_drone/build/idt/prefix_override:/usr/lib/python3/dist-packages/colcon_core/task/python/colcon_distutils_commands:/home/vincent/Documents/IDT/hello_drone/install/idt/lib/python3.10/site-packages:${PYTHONPATH} /usr/bin/python3 -W ignore:setup.py install is deprecated setup.py egg_info --egg-base ../../build/idt build --build-base /home/vincent/Documents/IDT/hello_drone/build/idt/build install --record /home/vincent/Documents/IDT/hello_drone/build/idt/install.log --single-version-externally-managed install_data
