[0.856s] DEBUG:colcon:Command line arguments: ['/usr/bin/colcon', 'build']
[0.856s] DEBUG:colcon:Parsed command line arguments: Namespace(log_base=None, log_level=None, verb_name='build', build_base='build', install_base='install', merge_install=False, symlink_install=False, test_result_base=None, continue_on_error=False, executor='parallel', parallel_workers=4, event_handlers=None, ignore_user_meta=False, metas=['./colcon.meta'], base_paths=['.'], packages_ignore=None, packages_ignore_regex=None, paths=None, packages_up_to=None, packages_up_to_regex=None, packages_above=None, packages_above_and_dependencies=None, packages_above_depth=None, packages_select_by_dep=None, packages_skip_by_dep=None, packages_skip_up_to=None, packages_select_build_failed=False, packages_skip_build_finished=False, packages_select_test_failures=False, packages_skip_test_passed=False, packages_select=None, packages_skip=None, packages_select_regex=None, packages_skip_regex=None, packages_start=None, packages_end=None, allow_overriding=[], cmake_args=None, cmake_target=None, cmake_target_skip_unavailable=False, cmake_clean_cache=False, cmake_clean_first=False, cmake_force_configure=False, ament_cmake_args=None, catkin_cmake_args=None, catkin_skip_building_tests=False, mixin_files=None, mixin=None, verb_parser=<colcon_mixin.mixin.mixin_argument.MixinArgumentDecorator object at 0x7d0490945b70>, verb_extension=<colcon_core.verb.build.BuildVerb object at 0x7d04909456c0>, main=<bound method BuildVerb.main of <colcon_core.verb.build.BuildVerb object at 0x7d04909456c0>>, mixin_verb=('build',))
[11.598s] Level 1:colcon.colcon_core.package_discovery:discover_packages(colcon_meta) check parameters
[11.599s] Level 1:colcon.colcon_core.package_discovery:discover_packages(recursive) check parameters
[11.599s] Level 1:colcon.colcon_core.package_discovery:discover_packages(ignore) check parameters
[11.599s] Level 1:colcon.colcon_core.package_discovery:discover_packages(path) check parameters
[11.599s] Level 1:colcon.colcon_core.package_discovery:discover_packages(colcon_meta) discover
[11.599s] Level 1:colcon.colcon_core.package_discovery:discover_packages(recursive) discover
[11.599s] INFO:colcon.colcon_core.package_discovery:Crawling recursively for packages in '/home/vincent/Documents/IDT/hello_drone'
[11.599s] Level 1:colcon.colcon_core.package_identification:_identify(.) by extensions ['ignore', 'ignore_ament_install']
[11.600s] Level 1:colcon.colcon_core.package_identification:_identify(.) by extension 'ignore'
[11.600s] Level 1:colcon.colcon_core.package_identification:_identify(.) by extension 'ignore_ament_install'
[11.600s] Level 1:colcon.colcon_core.package_identification:_identify(.) by extensions ['colcon_pkg']
[11.600s] Level 1:colcon.colcon_core.package_identification:_identify(.) by extension 'colcon_pkg'
[11.600s] Level 1:colcon.colcon_core.package_identification:_identify(.) by extensions ['colcon_meta']
[11.600s] Level 1:colcon.colcon_core.package_identification:_identify(.) by extension 'colcon_meta'
[11.600s] Level 1:colcon.colcon_core.package_identification:_identify(.) by extensions ['ros']
[11.600s] Level 1:colcon.colcon_core.package_identification:_identify(.) by extension 'ros'
[11.730s] Level 1:colcon.colcon_core.package_identification:_identify(.) by extensions ['cmake', 'python']
[11.730s] Level 1:colcon.colcon_core.package_identification:_identify(.) by extension 'cmake'
[11.730s] Level 1:colcon.colcon_core.package_identification:_identify(.) by extension 'python'
[11.730s] Level 1:colcon.colcon_core.package_identification:_identify(.) by extensions ['python_setup_py']
[11.730s] Level 1:colcon.colcon_core.package_identification:_identify(.) by extension 'python_setup_py'
[11.731s] Level 1:colcon.colcon_core.package_identification:_identify(build) by extensions ['ignore', 'ignore_ament_install']
[11.731s] Level 1:colcon.colcon_core.package_identification:_identify(build) by extension 'ignore'
[11.731s] Level 1:colcon.colcon_core.package_identification:_identify(build) ignored
[11.732s] Level 1:colcon.colcon_core.package_identification:_identify(install) by extensions ['ignore', 'ignore_ament_install']
[11.732s] Level 1:colcon.colcon_core.package_identification:_identify(install) by extension 'ignore'
[11.732s] Level 1:colcon.colcon_core.package_identification:_identify(install) ignored
[11.733s] Level 1:colcon.colcon_core.package_identification:_identify(log) by extensions ['ignore', 'ignore_ament_install']
[11.733s] Level 1:colcon.colcon_core.package_identification:_identify(log) by extension 'ignore'
[11.733s] Level 1:colcon.colcon_core.package_identification:_identify(log) ignored
[11.734s] Level 1:colcon.colcon_core.package_identification:_identify(src) by extensions ['ignore', 'ignore_ament_install']
[11.734s] Level 1:colcon.colcon_core.package_identification:_identify(src) by extension 'ignore'
[11.734s] Level 1:colcon.colcon_core.package_identification:_identify(src) by extension 'ignore_ament_install'
[11.734s] Level 1:colcon.colcon_core.package_identification:_identify(src) by extensions ['colcon_pkg']
[11.734s] Level 1:colcon.colcon_core.package_identification:_identify(src) by extension 'colcon_pkg'
[11.735s] Level 1:colcon.colcon_core.package_identification:_identify(src) by extensions ['colcon_meta']
[11.735s] Level 1:colcon.colcon_core.package_identification:_identify(src) by extension 'colcon_meta'
[11.735s] Level 1:colcon.colcon_core.package_identification:_identify(src) by extensions ['ros']
[11.735s] Level 1:colcon.colcon_core.package_identification:_identify(src) by extension 'ros'
[11.735s] Level 1:colcon.colcon_core.package_identification:_identify(src) by extensions ['cmake', 'python']
[11.735s] Level 1:colcon.colcon_core.package_identification:_identify(src) by extension 'cmake'
[11.736s] Level 1:colcon.colcon_core.package_identification:_identify(src) by extension 'python'
[11.736s] Level 1:colcon.colcon_core.package_identification:_identify(src) by extensions ['python_setup_py']
[11.736s] Level 1:colcon.colcon_core.package_identification:_identify(src) by extension 'python_setup_py'
[11.736s] Level 1:colcon.colcon_core.package_identification:_identify(src/idt) by extensions ['ignore', 'ignore_ament_install']
[11.736s] Level 1:colcon.colcon_core.package_identification:_identify(src/idt) by extension 'ignore'
[11.737s] Level 1:colcon.colcon_core.package_identification:_identify(src/idt) by extension 'ignore_ament_install'
[11.737s] Level 1:colcon.colcon_core.package_identification:_identify(src/idt) by extensions ['colcon_pkg']
[11.737s] Level 1:colcon.colcon_core.package_identification:_identify(src/idt) by extension 'colcon_pkg'
[11.737s] Level 1:colcon.colcon_core.package_identification:_identify(src/idt) by extensions ['colcon_meta']
[11.737s] Level 1:colcon.colcon_core.package_identification:_identify(src/idt) by extension 'colcon_meta'
[11.737s] Level 1:colcon.colcon_core.package_identification:_identify(src/idt) by extensions ['ros']
[11.738s] Level 1:colcon.colcon_core.package_identification:_identify(src/idt) by extension 'ros'
[11.813s] DEBUG:colcon.colcon_core.package_identification:Package 'src/idt' with type 'ros.ament_python' and name 'idt'
[11.813s] Level 1:colcon.colcon_core.package_discovery:discover_packages(recursive) using defaults
[11.813s] Level 1:colcon.colcon_core.package_discovery:discover_packages(ignore) discover
[11.813s] Level 1:colcon.colcon_core.package_discovery:discover_packages(ignore) using defaults
[11.814s] Level 1:colcon.colcon_core.package_discovery:discover_packages(path) discover
[11.814s] Level 1:colcon.colcon_core.package_discovery:discover_packages(path) using defaults
[12.145s] Level 1:colcon.colcon_core.package_discovery:discover_packages(prefix_path) check parameters
[12.146s] Level 1:colcon.colcon_core.package_discovery:discover_packages(prefix_path) discover
[12.166s] DEBUG:colcon.colcon_installed_package_information.package_discovery:Found 1 installed packages in /home/vincent/Documents/IDT/hello_drone/install
[12.168s] DEBUG:colcon.colcon_installed_package_information.package_discovery:Found 277 installed packages in /opt/ros/humble
[12.170s] Level 1:colcon.colcon_core.package_discovery:discover_packages(prefix_path) using defaults
[12.228s] Level 5:colcon.colcon_core.verb:set package 'idt' build argument 'cmake_args' from command line to 'None'
[12.228s] Level 5:colcon.colcon_core.verb:set package 'idt' build argument 'cmake_target' from command line to 'None'
[12.228s] Level 5:colcon.colcon_core.verb:set package 'idt' build argument 'cmake_target_skip_unavailable' from command line to 'False'
[12.228s] Level 5:colcon.colcon_core.verb:set package 'idt' build argument 'cmake_clean_cache' from command line to 'False'
[12.228s] Level 5:colcon.colcon_core.verb:set package 'idt' build argument 'cmake_clean_first' from command line to 'False'
[12.228s] Level 5:colcon.colcon_core.verb:set package 'idt' build argument 'cmake_force_configure' from command line to 'False'
[12.228s] Level 5:colcon.colcon_core.verb:set package 'idt' build argument 'ament_cmake_args' from command line to 'None'
[12.228s] Level 5:colcon.colcon_core.verb:set package 'idt' build argument 'catkin_cmake_args' from command line to 'None'
[12.228s] Level 5:colcon.colcon_core.verb:set package 'idt' build argument 'catkin_skip_building_tests' from command line to 'False'
[12.228s] DEBUG:colcon.colcon_core.verb:Building package 'idt' with the following arguments: {'ament_cmake_args': None, 'build_base': '/home/vincent/Documents/IDT/hello_drone/build/idt', 'catkin_cmake_args': None, 'catkin_skip_building_tests': False, 'cmake_args': None, 'cmake_clean_cache': False, 'cmake_clean_first': False, 'cmake_force_configure': False, 'cmake_target': None, 'cmake_target_skip_unavailable': False, 'install_base': '/home/vincent/Documents/IDT/hello_drone/install/idt', 'merge_install': False, 'path': '/home/vincent/Documents/IDT/hello_drone/src/idt', 'symlink_install': False, 'test_result_base': None}
[12.229s] INFO:colcon.colcon_core.executor:Executing jobs using 'parallel' executor
[12.230s] DEBUG:colcon.colcon_parallel_executor.executor.parallel:run_until_complete
[12.231s] INFO:colcon.colcon_ros.task.ament_python.build:Building ROS package in '/home/vincent/Documents/IDT/hello_drone/src/idt' with build type 'ament_python'
[12.231s] Level 1:colcon.colcon_core.shell:create_environment_hook('idt', 'ament_prefix_path')
[12.623s] INFO:colcon.colcon_core.plugin_system:Skipping extension 'colcon_core.shell.bat': Not used on non-Windows systems
[12.624s] INFO:colcon.colcon_core.shell:Creating environment hook '/home/vincent/Documents/IDT/hello_drone/install/idt/share/idt/hook/ament_prefix_path.ps1'
[12.736s] INFO:colcon.colcon_core.shell:Creating environment descriptor '/home/vincent/Documents/IDT/hello_drone/install/idt/share/idt/hook/ament_prefix_path.dsv'
[12.756s] INFO:colcon.colcon_core.shell:Creating environment hook '/home/vincent/Documents/IDT/hello_drone/install/idt/share/idt/hook/ament_prefix_path.sh'
[12.943s] INFO:colcon.colcon_core.shell:Skip shell extension 'powershell' for command environment: Not usable outside of PowerShell
[12.944s] DEBUG:colcon.colcon_core.shell:Skip shell extension 'dsv' for command environment
[13.660s] INFO:colcon.colcon_core.task.python.build:Building Python package in '/home/vincent/Documents/IDT/hello_drone/src/idt'
[13.660s] INFO:colcon.colcon_core.shell:Skip shell extension 'powershell' for command environment: Not usable outside of PowerShell
[13.661s] DEBUG:colcon.colcon_core.shell:Skip shell extension 'dsv' for command environment
[14.564s] DEBUG:colcon.colcon_core.event_handler.log_command:Invoking command in '/home/vincent/Documents/IDT/hello_drone/src/idt': PYTHONPATH=/home/vincent/Documents/IDT/hello_drone/build/idt/prefix_override:/usr/lib/python3/dist-packages/colcon_core/task/python/colcon_distutils_commands:/home/vincent/Documents/IDT/hello_drone/install/idt/lib/python3.10/site-packages:${PYTHONPATH} /usr/bin/python3 -W ignore:setup.py install is deprecated setup.py egg_info --egg-base ../../build/idt build --build-base /home/vincent/Documents/IDT/hello_drone/build/idt/build install --record /home/vincent/Documents/IDT/hello_drone/build/idt/install.log --single-version-externally-managed install_data
[14.934s] DEBUG:colcon.colcon_core.event_handler.log_command:Invoked command in '/home/vincent/Documents/IDT/hello_drone/src/idt' returned '0': PYTHONPATH=/home/vincent/Documents/IDT/hello_drone/build/idt/prefix_override:/usr/lib/python3/dist-packages/colcon_core/task/python/colcon_distutils_commands:/home/vincent/Documents/IDT/hello_drone/install/idt/lib/python3.10/site-packages:${PYTHONPATH} /usr/bin/python3 -W ignore:setup.py install is deprecated setup.py egg_info --egg-base ../../build/idt build --build-base /home/vincent/Documents/IDT/hello_drone/build/idt/build install --record /home/vincent/Documents/IDT/hello_drone/build/idt/install.log --single-version-externally-managed install_data
[14.953s] Level 1:colcon.colcon_core.environment:checking '/home/vincent/Documents/IDT/hello_drone/install/idt' for CMake module files
[14.955s] Level 1:colcon.colcon_core.environment:checking '/home/vincent/Documents/IDT/hello_drone/install/idt' for CMake config files
[14.957s] Level 1:colcon.colcon_core.environment:checking '/home/vincent/Documents/IDT/hello_drone/install/idt/lib'
[14.957s] Level 1:colcon.colcon_core.environment:checking '/home/vincent/Documents/IDT/hello_drone/install/idt/bin'
[14.958s] Level 1:colcon.colcon_core.environment:checking '/home/vincent/Documents/IDT/hello_drone/install/idt/lib/pkgconfig/idt.pc'
[14.958s] Level 1:colcon.colcon_core.environment:checking '/home/vincent/Documents/IDT/hello_drone/install/idt/lib/python3.10/site-packages'
[14.959s] Level 1:colcon.colcon_core.shell:create_environment_hook('idt', 'pythonpath')
[14.960s] INFO:colcon.colcon_core.shell:Creating environment hook '/home/vincent/Documents/IDT/hello_drone/install/idt/share/idt/hook/pythonpath.ps1'
[14.961s] INFO:colcon.colcon_core.shell:Creating environment descriptor '/home/vincent/Documents/IDT/hello_drone/install/idt/share/idt/hook/pythonpath.dsv'
[14.962s] INFO:colcon.colcon_core.shell:Creating environment hook '/home/vincent/Documents/IDT/hello_drone/install/idt/share/idt/hook/pythonpath.sh'
[14.964s] Level 1:colcon.colcon_core.environment:checking '/home/vincent/Documents/IDT/hello_drone/install/idt/bin'
[14.965s] Level 1:colcon.colcon_core.environment:create_environment_scripts_only(idt)
[14.966s] INFO:colcon.colcon_core.shell:Creating package script '/home/vincent/Documents/IDT/hello_drone/install/idt/share/idt/package.ps1'
[14.969s] INFO:colcon.colcon_core.shell:Creating package descriptor '/home/vincent/Documents/IDT/hello_drone/install/idt/share/idt/package.dsv'
[14.973s] INFO:colcon.colcon_core.shell:Creating package script '/home/vincent/Documents/IDT/hello_drone/install/idt/share/idt/package.sh'
[14.975s] INFO:colcon.colcon_core.shell:Creating package script '/home/vincent/Documents/IDT/hello_drone/install/idt/share/idt/package.bash'
[14.979s] INFO:colcon.colcon_core.shell:Creating package script '/home/vincent/Documents/IDT/hello_drone/install/idt/share/idt/package.zsh'
[14.983s] Level 1:colcon.colcon_core.environment:create_file_with_runtime_dependencies(/home/vincent/Documents/IDT/hello_drone/install/idt/share/colcon-core/packages/idt)
[14.985s] DEBUG:colcon.colcon_parallel_executor.executor.parallel:closing loop
[14.986s] DEBUG:colcon.colcon_parallel_executor.executor.parallel:loop closed
[14.986s] DEBUG:colcon.colcon_parallel_executor.executor.parallel:run_until_complete finished with '0'
[14.987s] DEBUG:colcon.colcon_core.event_reactor:joining thread
[15.114s] INFO:colcon.colcon_core.plugin_system:Skipping extension 'colcon_notification.desktop_notification.terminal_notifier': Not used on non-Darwin systems
[15.114s] INFO:colcon.colcon_core.plugin_system:Skipping extension 'colcon_notification.desktop_notification.win32': Not used on non-Windows systems
[15.114s] INFO:colcon.colcon_notification.desktop_notification:Sending desktop notification using 'notify2'
[15.186s] DEBUG:colcon.colcon_core.event_reactor:joined thread
[15.187s] INFO:colcon.colcon_core.shell:Creating prefix script '/home/vincent/Documents/IDT/hello_drone/install/local_setup.ps1'
[15.190s] INFO:colcon.colcon_core.shell:Creating prefix util module '/home/vincent/Documents/IDT/hello_drone/install/_local_setup_util_ps1.py'
[15.194s] INFO:colcon.colcon_core.shell:Creating prefix chain script '/home/vincent/Documents/IDT/hello_drone/install/setup.ps1'
[15.197s] INFO:colcon.colcon_core.shell:Creating prefix script '/home/vincent/Documents/IDT/hello_drone/install/local_setup.sh'
[15.199s] INFO:colcon.colcon_core.shell:Creating prefix util module '/home/vincent/Documents/IDT/hello_drone/install/_local_setup_util_sh.py'
[15.200s] INFO:colcon.colcon_core.shell:Creating prefix chain script '/home/vincent/Documents/IDT/hello_drone/install/setup.sh'
[15.203s] INFO:colcon.colcon_core.shell:Creating prefix script '/home/vincent/Documents/IDT/hello_drone/install/local_setup.bash'
[15.206s] INFO:colcon.colcon_core.shell:Creating prefix chain script '/home/vincent/Documents/IDT/hello_drone/install/setup.bash'
[15.220s] INFO:colcon.colcon_core.shell:Creating prefix script '/home/vincent/Documents/IDT/hello_drone/install/local_setup.zsh'
[15.223s] INFO:colcon.colcon_core.shell:Creating prefix chain script '/home/vincent/Documents/IDT/hello_drone/install/setup.zsh'
