[1.036s] Invoking command in '/home/vincent/Documents/IDT/hello_drone/src/idt': PYTHONPATH=/home/vincent/Documents/IDT/hello_drone/build/idt/prefix_override:/usr/lib/python3/dist-packages/colcon_core/task/python/colcon_distutils_commands:/home/vincent/Documents/IDT/hello_drone/install/idt/lib/python3.10/site-packages:${PYTHONPATH} /usr/bin/python3 -W ignore:setup.py install is deprecated setup.py egg_info --egg-base ../../build/idt build --build-base /home/vincent/Documents/IDT/hello_drone/build/idt/build install --record /home/vincent/Documents/IDT/hello_drone/build/idt/install.log --single-version-externally-managed install_data
[1.388s] running egg_info
[1.389s] writing ../../build/idt/idt.egg-info/PKG-INFO
[1.390s] writing dependency_links to ../../build/idt/idt.egg-info/dependency_links.txt
[1.390s] writing entry points to ../../build/idt/idt.egg-info/entry_points.txt
[1.390s] writing requirements to ../../build/idt/idt.egg-info/requires.txt
[1.390s] writing top-level names to ../../build/idt/idt.egg-info/top_level.txt
[1.393s] reading manifest file '../../build/idt/idt.egg-info/SOURCES.txt'
[1.398s] writing manifest file '../../build/idt/idt.egg-info/SOURCES.txt'
[1.399s] running build
[1.399s] running build_py
[1.399s] running install
[1.400s] running install_lib
[1.402s] byte-compiling /home/vincent/Documents/IDT/hello_drone/install/idt/lib/python3.10/site-packages/idt/get_global_pos.py to get_global_pos.cpython-310.pyc
[1.403s] running install_data
[1.404s] running install_egg_info
[1.407s] removing '/home/vincent/Documents/IDT/hello_drone/install/idt/lib/python3.10/site-packages/idt-0.1.0-py3.10.egg-info' (and everything under it)
[1.407s] Copying ../../build/idt/idt.egg-info to /home/vincent/Documents/IDT/hello_drone/install/idt/lib/python3.10/site-packages/idt-0.1.0-py3.10.egg-info
[1.409s] running install_scripts
[1.441s] Installing get_global_pos script to /home/vincent/Documents/IDT/hello_drone/install/idt/lib/idt
[1.441s] Installing hello_drone script to /home/vincent/Documents/IDT/hello_drone/install/idt/lib/idt
[1.441s] writing list of installed files to '/home/vincent/Documents/IDT/hello_drone/build/idt/install.log'
[1.481s] Invoked command in '/home/vincent/Documents/IDT/hello_drone/src/idt' returned '0': PYTHONPATH=/home/vincent/Documents/IDT/hello_drone/build/idt/prefix_override:/usr/lib/python3/dist-packages/colcon_core/task/python/colcon_distutils_commands:/home/vincent/Documents/IDT/hello_drone/install/idt/lib/python3.10/site-packages:${PYTHONPATH} /usr/bin/python3 -W ignore:setup.py install is deprecated setup.py egg_info --egg-base ../../build/idt build --build-base /home/vincent/Documents/IDT/hello_drone/build/idt/build install --record /home/vincent/Documents/IDT/hello_drone/build/idt/install.log --single-version-externally-managed install_data
