[0.144s] DEBUG:colcon:Command line arguments: ['/usr/bin/colcon', 'build']
[0.144s] DEBUG:colcon:Parsed command line arguments: Namespace(log_base=None, log_level=None, verb_name='build', build_base='build', install_base='install', merge_install=False, symlink_install=False, test_result_base=None, continue_on_error=False, executor='parallel', parallel_workers=4, event_handlers=None, ignore_user_meta=False, metas=['./colcon.meta'], base_paths=['.'], packages_ignore=None, packages_ignore_regex=None, paths=None, packages_up_to=None, packages_up_to_regex=None, packages_above=None, packages_above_and_dependencies=None, packages_above_depth=None, packages_select_by_dep=None, packages_skip_by_dep=None, packages_skip_up_to=None, packages_select_build_failed=False, packages_skip_build_finished=False, packages_select_test_failures=False, packages_skip_test_passed=False, packages_select=None, packages_skip=None, packages_select_regex=None, packages_skip_regex=None, packages_start=None, packages_end=None, allow_overriding=[], cmake_args=None, cmake_target=None, cmake_target_skip_unavailable=False, cmake_clean_cache=False, cmake_clean_first=False, cmake_force_configure=False, ament_cmake_args=None, catkin_cmake_args=None, catkin_skip_building_tests=False, mixin_files=None, mixin=None, verb_parser=<colcon_mixin.mixin.mixin_argument.MixinArgumentDecorator object at 0x7086a1149b70>, verb_extension=<colcon_core.verb.build.BuildVerb object at 0x7086a11496c0>, main=<bound method BuildVerb.main of <colcon_core.verb.build.BuildVerb object at 0x7086a11496c0>>, mixin_verb=('build',))
[0.368s] Level 1:colcon.colcon_core.package_discovery:discover_packages(colcon_meta) check parameters
[0.368s] Level 1:colcon.colcon_core.package_discovery:discover_packages(recursive) check parameters
[0.368s] Level 1:colcon.colcon_core.package_discovery:discover_packages(ignore) check parameters
[0.368s] Level 1:colcon.colcon_core.package_discovery:discover_packages(path) check parameters
[0.369s] Level 1:colcon.colcon_core.package_discovery:discover_packages(colcon_meta) discover
[0.369s] Level 1:colcon.colcon_core.package_discovery:discover_packages(recursive) discover
[0.369s] INFO:colcon.colcon_core.package_discovery:Crawling recursively for packages in '/home/vincent/Downloads/course_materials/idt_ros2_nodes/src/idt'
[0.369s] Level 1:colcon.colcon_core.package_identification:_identify(.) by extensions ['ignore', 'ignore_ament_install']
[0.369s] Level 1:colcon.colcon_core.package_identification:_identify(.) by extension 'ignore'
[0.369s] Level 1:colcon.colcon_core.package_identification:_identify(.) by extension 'ignore_ament_install'
[0.369s] Level 1:colcon.colcon_core.package_identification:_identify(.) by extensions ['colcon_pkg']
[0.369s] Level 1:colcon.colcon_core.package_identification:_identify(.) by extension 'colcon_pkg'
[0.369s] Level 1:colcon.colcon_core.package_identification:_identify(.) by extensions ['colcon_meta']
[0.370s] Level 1:colcon.colcon_core.package_identification:_identify(.) by extension 'colcon_meta'
[0.370s] Level 1:colcon.colcon_core.package_identification:_identify(.) by extensions ['ros']
[0.370s] Level 1:colcon.colcon_core.package_identification:_identify(.) by extension 'ros'
[0.387s] DEBUG:colcon.colcon_core.package_identification:Package '.' with type 'ros.ament_python' and name 'idt'
[0.387s] Level 1:colcon.colcon_core.package_discovery:discover_packages(recursive) using defaults
[0.387s] Level 1:colcon.colcon_core.package_discovery:discover_packages(ignore) discover
[0.388s] Level 1:colcon.colcon_core.package_discovery:discover_packages(ignore) using defaults
[0.388s] Level 1:colcon.colcon_core.package_discovery:discover_packages(path) discover
[0.388s] Level 1:colcon.colcon_core.package_discovery:discover_packages(path) using defaults
[0.428s] Level 1:colcon.colcon_core.package_discovery:discover_packages(prefix_path) check parameters
[0.428s] Level 1:colcon.colcon_core.package_discovery:discover_packages(prefix_path) discover
[0.430s] DEBUG:colcon.colcon_installed_package_information.package_discovery:Found 1 installed packages in /home/vincent/Downloads/course_materials/idt_ros2_nodes/src/idt/install
[0.432s] DEBUG:colcon.colcon_installed_package_information.package_discovery:Found 277 installed packages in /opt/ros/humble
[0.434s] Level 1:colcon.colcon_core.package_discovery:discover_packages(prefix_path) using defaults
[0.490s] Level 5:colcon.colcon_core.verb:set package 'idt' build argument 'cmake_args' from command line to 'None'
[0.490s] Level 5:colcon.colcon_core.verb:set package 'idt' build argument 'cmake_target' from command line to 'None'
[0.490s] Level 5:colcon.colcon_core.verb:set package 'idt' build argument 'cmake_target_skip_unavailable' from command line to 'False'
[0.490s] Level 5:colcon.colcon_core.verb:set package 'idt' build argument 'cmake_clean_cache' from command line to 'False'
[0.490s] Level 5:colcon.colcon_core.verb:set package 'idt' build argument 'cmake_clean_first' from command line to 'False'
[0.490s] Level 5:colcon.colcon_core.verb:set package 'idt' build argument 'cmake_force_configure' from command line to 'False'
[0.490s] Level 5:colcon.colcon_core.verb:set package 'idt' build argument 'ament_cmake_args' from command line to 'None'
[0.490s] Level 5:colcon.colcon_core.verb:set package 'idt' build argument 'catkin_cmake_args' from command line to 'None'
[0.490s] Level 5:colcon.colcon_core.verb:set package 'idt' build argument 'catkin_skip_building_tests' from command line to 'False'
[0.490s] DEBUG:colcon.colcon_core.verb:Building package 'idt' with the following arguments: {'ament_cmake_args': None, 'build_base': '/home/vincent/Downloads/course_materials/idt_ros2_nodes/src/idt/build/idt', 'catkin_cmake_args': None, 'catkin_skip_building_tests': False, 'cmake_args': None, 'cmake_clean_cache': False, 'cmake_clean_first': False, 'cmake_force_configure': False, 'cmake_target': None, 'cmake_target_skip_unavailable': False, 'install_base': '/home/vincent/Downloads/course_materials/idt_ros2_nodes/src/idt/install/idt', 'merge_install': False, 'path': '/home/vincent/Downloads/course_materials/idt_ros2_nodes/src/idt', 'symlink_install': False, 'test_result_base': None}
[0.491s] INFO:colcon.colcon_core.executor:Executing jobs using 'parallel' executor
[0.492s] DEBUG:colcon.colcon_parallel_executor.executor.parallel:run_until_complete
[0.493s] INFO:colcon.colcon_ros.task.ament_python.build:Building ROS package in '/home/vincent/Downloads/course_materials/idt_ros2_nodes/src/idt' with build type 'ament_python'
[0.493s] Level 1:colcon.colcon_core.shell:create_environment_hook('idt', 'ament_prefix_path')
[0.496s] INFO:colcon.colcon_core.plugin_system:Skipping extension 'colcon_core.shell.bat': Not used on non-Windows systems
[0.497s] INFO:colcon.colcon_core.shell:Creating environment hook '/home/vincent/Downloads/course_materials/idt_ros2_nodes/src/idt/install/idt/share/idt/hook/ament_prefix_path.ps1'
[0.498s] INFO:colcon.colcon_core.shell:Creating environment descriptor '/home/vincent/Downloads/course_materials/idt_ros2_nodes/src/idt/install/idt/share/idt/hook/ament_prefix_path.dsv'
[0.498s] INFO:colcon.colcon_core.shell:Creating environment hook '/home/vincent/Downloads/course_materials/idt_ros2_nodes/src/idt/install/idt/share/idt/hook/ament_prefix_path.sh'
[0.499s] INFO:colcon.colcon_core.shell:Skip shell extension 'powershell' for command environment: Not usable outside of PowerShell
[0.500s] DEBUG:colcon.colcon_core.shell:Skip shell extension 'dsv' for command environment
[0.877s] INFO:colcon.colcon_core.task.python.build:Building Python package in '/home/vincent/Downloads/course_materials/idt_ros2_nodes/src/idt'
[0.877s] INFO:colcon.colcon_core.shell:Skip shell extension 'powershell' for command environment: Not usable outside of PowerShell
[0.877s] DEBUG:colcon.colcon_core.shell:Skip shell extension 'dsv' for command environment
[1.321s] DEBUG:colcon.colcon_core.event_handler.log_command:Invoking command in '/home/vincent/Downloads/course_materials/idt_ros2_nodes/src/idt': PYTHONPATH=/home/vincent/Downloads/course_materials/idt_ros2_nodes/src/idt/build/idt/prefix_override:/usr/lib/python3/dist-packages/colcon_core/task/python/colcon_distutils_commands:/home/vincent/Downloads/course_materials/idt_ros2_nodes/src/idt/install/idt/lib/python3.10/site-packages:${PYTHONPATH} /usr/bin/python3 -W ignore:setup.py install is deprecated setup.py egg_info --egg-base build/idt build --build-base /home/vincent/Downloads/course_materials/idt_ros2_nodes/src/idt/build/idt/build install --record /home/vincent/Downloads/course_materials/idt_ros2_nodes/src/idt/build/idt/install.log --single-version-externally-managed install_data
[1.783s] DEBUG:colcon.colcon_core.event_handler.log_command:Invoked command in '/home/vincent/Downloads/course_materials/idt_ros2_nodes/src/idt' returned '0': PYTHONPATH=/home/vincent/Downloads/course_materials/idt_ros2_nodes/src/idt/build/idt/prefix_override:/usr/lib/python3/dist-packages/colcon_core/task/python/colcon_distutils_commands:/home/vincent/Downloads/course_materials/idt_ros2_nodes/src/idt/install/idt/lib/python3.10/site-packages:${PYTHONPATH} /usr/bin/python3 -W ignore:setup.py install is deprecated setup.py egg_info --egg-base build/idt build --build-base /home/vincent/Downloads/course_materials/idt_ros2_nodes/src/idt/build/idt/build install --record /home/vincent/Downloads/course_materials/idt_ros2_nodes/src/idt/build/idt/install.log --single-version-externally-managed install_data
[1.787s] Level 1:colcon.colcon_core.environment:checking '/home/vincent/Downloads/course_materials/idt_ros2_nodes/src/idt/install/idt' for CMake module files
[1.787s] Level 1:colcon.colcon_core.environment:checking '/home/vincent/Downloads/course_materials/idt_ros2_nodes/src/idt/install/idt' for CMake config files
[1.790s] Level 1:colcon.colcon_core.environment:checking '/home/vincent/Downloads/course_materials/idt_ros2_nodes/src/idt/install/idt/lib'
[1.791s] Level 1:colcon.colcon_core.environment:checking '/home/vincent/Downloads/course_materials/idt_ros2_nodes/src/idt/install/idt/bin'
[1.791s] Level 1:colcon.colcon_core.environment:checking '/home/vincent/Downloads/course_materials/idt_ros2_nodes/src/idt/install/idt/lib/pkgconfig/idt.pc'
[1.792s] Level 1:colcon.colcon_core.environment:checking '/home/vincent/Downloads/course_materials/idt_ros2_nodes/src/idt/install/idt/lib/python3.10/site-packages'
[1.792s] Level 1:colcon.colcon_core.shell:create_environment_hook('idt', 'pythonpath')
[1.792s] INFO:colcon.colcon_core.shell:Creating environment hook '/home/vincent/Downloads/course_materials/idt_ros2_nodes/src/idt/install/idt/share/idt/hook/pythonpath.ps1'
[1.793s] INFO:colcon.colcon_core.shell:Creating environment descriptor '/home/vincent/Downloads/course_materials/idt_ros2_nodes/src/idt/install/idt/share/idt/hook/pythonpath.dsv'
[1.794s] INFO:colcon.colcon_core.shell:Creating environment hook '/home/vincent/Downloads/course_materials/idt_ros2_nodes/src/idt/install/idt/share/idt/hook/pythonpath.sh'
[1.795s] Level 1:colcon.colcon_core.environment:checking '/home/vincent/Downloads/course_materials/idt_ros2_nodes/src/idt/install/idt/bin'
[1.796s] Level 1:colcon.colcon_core.environment:create_environment_scripts_only(idt)
[1.797s] INFO:colcon.colcon_core.shell:Creating package script '/home/vincent/Downloads/course_materials/idt_ros2_nodes/src/idt/install/idt/share/idt/package.ps1'
[1.801s] INFO:colcon.colcon_core.shell:Creating package descriptor '/home/vincent/Downloads/course_materials/idt_ros2_nodes/src/idt/install/idt/share/idt/package.dsv'
[1.802s] INFO:colcon.colcon_core.shell:Creating package script '/home/vincent/Downloads/course_materials/idt_ros2_nodes/src/idt/install/idt/share/idt/package.sh'
[1.804s] INFO:colcon.colcon_core.shell:Creating package script '/home/vincent/Downloads/course_materials/idt_ros2_nodes/src/idt/install/idt/share/idt/package.bash'
[1.805s] INFO:colcon.colcon_core.shell:Creating package script '/home/vincent/Downloads/course_materials/idt_ros2_nodes/src/idt/install/idt/share/idt/package.zsh'
[1.808s] Level 1:colcon.colcon_core.environment:create_file_with_runtime_dependencies(/home/vincent/Downloads/course_materials/idt_ros2_nodes/src/idt/install/idt/share/colcon-core/packages/idt)
[1.809s] DEBUG:colcon.colcon_parallel_executor.executor.parallel:closing loop
[1.811s] DEBUG:colcon.colcon_parallel_executor.executor.parallel:loop closed
[1.811s] DEBUG:colcon.colcon_parallel_executor.executor.parallel:run_until_complete finished with '0'
[1.811s] DEBUG:colcon.colcon_core.event_reactor:joining thread
[1.822s] INFO:colcon.colcon_core.plugin_system:Skipping extension 'colcon_notification.desktop_notification.terminal_notifier': Not used on non-Darwin systems
[1.822s] INFO:colcon.colcon_core.plugin_system:Skipping extension 'colcon_notification.desktop_notification.win32': Not used on non-Windows systems
[1.823s] INFO:colcon.colcon_notification.desktop_notification:Sending desktop notification using 'notify2'
[1.846s] DEBUG:colcon.colcon_core.event_reactor:joined thread
[1.847s] INFO:colcon.colcon_core.shell:Creating prefix script '/home/vincent/Downloads/course_materials/idt_ros2_nodes/src/idt/install/local_setup.ps1'
[1.850s] INFO:colcon.colcon_core.shell:Creating prefix util module '/home/vincent/Downloads/course_materials/idt_ros2_nodes/src/idt/install/_local_setup_util_ps1.py'
[1.854s] INFO:colcon.colcon_core.shell:Creating prefix chain script '/home/vincent/Downloads/course_materials/idt_ros2_nodes/src/idt/install/setup.ps1'
[1.858s] INFO:colcon.colcon_core.shell:Creating prefix script '/home/vincent/Downloads/course_materials/idt_ros2_nodes/src/idt/install/local_setup.sh'
[1.860s] INFO:colcon.colcon_core.shell:Creating prefix util module '/home/vincent/Downloads/course_materials/idt_ros2_nodes/src/idt/install/_local_setup_util_sh.py'
[1.862s] INFO:colcon.colcon_core.shell:Creating prefix chain script '/home/vincent/Downloads/course_materials/idt_ros2_nodes/src/idt/install/setup.sh'
[1.865s] INFO:colcon.colcon_core.shell:Creating prefix script '/home/vincent/Downloads/course_materials/idt_ros2_nodes/src/idt/install/local_setup.bash'
[1.866s] INFO:colcon.colcon_core.shell:Creating prefix chain script '/home/vincent/Downloads/course_materials/idt_ros2_nodes/src/idt/install/setup.bash'
[1.868s] INFO:colcon.colcon_core.shell:Creating prefix script '/home/vincent/Downloads/course_materials/idt_ros2_nodes/src/idt/install/local_setup.zsh'
[1.870s] INFO:colcon.colcon_core.shell:Creating prefix chain script '/home/vincent/Downloads/course_materials/idt_ros2_nodes/src/idt/install/setup.zsh'
