[0.903s] Invoking command in '/home/vincent/Downloads/course_materials/idt_ros2_nodes/src/idt': PYTHONPATH=/home/vincent/Downloads/course_materials/idt_ros2_nodes/src/idt/build/idt/prefix_override:/usr/lib/python3/dist-packages/colcon_core/task/python/colcon_distutils_commands:/home/vincent/Downloads/course_materials/idt_ros2_nodes/src/idt/install/idt/lib/python3.10/site-packages:${PYTHONPATH} /usr/bin/python3 -W ignore:setup.py install is deprecated setup.py egg_info --egg-base build/idt build --build-base /home/vincent/Downloads/course_materials/idt_ros2_nodes/src/idt/build/idt/build install --record /home/vincent/Downloads/course_materials/idt_ros2_nodes/src/idt/build/idt/install.log --single-version-externally-managed install_data
[1.226s] running egg_info
[1.226s] writing build/idt/idt.egg-info/PKG-INFO
[1.227s] writing dependency_links to build/idt/idt.egg-info/dependency_links.txt
[1.227s] writing entry points to build/idt/idt.egg-info/entry_points.txt
[1.227s] writing requirements to build/idt/idt.egg-info/requires.txt
[1.228s] writing top-level names to build/idt/idt.egg-info/top_level.txt
[1.232s] reading manifest file 'build/idt/idt.egg-info/SOURCES.txt'
[1.234s] writing manifest file 'build/idt/idt.egg-info/SOURCES.txt'
[1.235s] running build
[1.235s] running build_py
[1.235s] copying idt/get_radio_rssi.py -> /home/vincent/Downloads/course_materials/idt_ros2_nodes/src/idt/build/idt/build/lib/idt
[1.236s] running install
[1.236s] running install_lib
[1.238s] copying /home/vincent/Downloads/course_materials/idt_ros2_nodes/src/idt/build/idt/build/lib/idt/get_radio_rssi.py -> /home/vincent/Downloads/course_materials/idt_ros2_nodes/src/idt/install/idt/lib/python3.10/site-packages/idt
[1.239s] byte-compiling /home/vincent/Downloads/course_materials/idt_ros2_nodes/src/idt/install/idt/lib/python3.10/site-packages/idt/get_radio_rssi.py to get_radio_rssi.cpython-310.pyc
[1.241s] running install_data
[1.241s] running install_egg_info
[1.244s] removing '/home/vincent/Downloads/course_materials/idt_ros2_nodes/src/idt/install/idt/lib/python3.10/site-packages/idt-0.1.0-py3.10.egg-info' (and everything under it)
[1.244s] Copying build/idt/idt.egg-info to /home/vincent/Downloads/course_materials/idt_ros2_nodes/src/idt/install/idt/lib/python3.10/site-packages/idt-0.1.0-py3.10.egg-info
[1.245s] running install_scripts
[1.276s] Installing get_global_pos script to /home/vincent/Downloads/course_materials/idt_ros2_nodes/src/idt/install/idt/lib/idt
[1.276s] Installing get_radio_rssi script to /home/vincent/Downloads/course_materials/idt_ros2_nodes/src/idt/install/idt/lib/idt
[1.276s] Installing hello_drone script to /home/vincent/Downloads/course_materials/idt_ros2_nodes/src/idt/install/idt/lib/idt
[1.277s] writing list of installed files to '/home/vincent/Downloads/course_materials/idt_ros2_nodes/src/idt/build/idt/install.log'
[1.317s] Invoked command in '/home/vincent/Downloads/course_materials/idt_ros2_nodes/src/idt' returned '0': PYTHONPATH=/home/vincent/Downloads/course_materials/idt_ros2_nodes/src/idt/build/idt/prefix_override:/usr/lib/python3/dist-packages/colcon_core/task/python/colcon_distutils_commands:/home/vincent/Downloads/course_materials/idt_ros2_nodes/src/idt/install/idt/lib/python3.10/site-packages:${PYTHONPATH} /usr/bin/python3 -W ignore:setup.py install is deprecated setup.py egg_info --egg-base build/idt build --build-base /home/vincent/Downloads/course_materials/idt_ros2_nodes/src/idt/build/idt/build install --record /home/vincent/Downloads/course_materials/idt_ros2_nodes/src/idt/build/idt/install.log --single-version-externally-managed install_data
