[2.173s] DEBUG:colcon:Command line arguments: ['/usr/bin/colcon', 'build']
[2.173s] DEBUG:colcon:Parsed command line arguments: Namespace(log_base=None, log_level=None, verb_name='build', build_base='build', install_base='install', merge_install=False, symlink_install=False, test_result_base=None, continue_on_error=False, executor='parallel', parallel_workers=4, event_handlers=None, ignore_user_meta=False, metas=['./colcon.meta'], base_paths=['.'], packages_ignore=None, packages_ignore_regex=None, paths=None, packages_up_to=None, packages_up_to_regex=None, packages_above=None, packages_above_and_dependencies=None, packages_above_depth=None, packages_select_by_dep=None, packages_skip_by_dep=None, packages_skip_up_to=None, packages_select_build_failed=False, packages_skip_build_finished=False, packages_select_test_failures=False, packages_skip_test_passed=False, packages_select=None, packages_skip=None, packages_select_regex=None, packages_skip_regex=None, packages_start=None, packages_end=None, allow_overriding=[], cmake_args=None, cmake_target=None, cmake_target_skip_unavailable=False, cmake_clean_cache=False, cmake_clean_first=False, cmake_force_configure=False, ament_cmake_args=None, catkin_cmake_args=None, catkin_skip_building_tests=False, mixin_files=None, mixin=None, verb_parser=<colcon_mixin.mixin.mixin_argument.MixinArgumentDecorator object at 0x7f2344e497e0>, verb_extension=<colcon_core.verb.build.BuildVerb object at 0x7f2344e49330>, main=<bound method BuildVerb.main of <colcon_core.verb.build.BuildVerb object at 0x7f2344e49330>>, mixin_verb=('build',))
[5.356s] Level 1:colcon.colcon_core.package_discovery:discover_packages(colcon_meta) check parameters
[5.357s] Level 1:colcon.colcon_core.package_discovery:discover_packages(recursive) check parameters
[5.357s] Level 1:colcon.colcon_core.package_discovery:discover_packages(ignore) check parameters
[5.357s] Level 1:colcon.colcon_core.package_discovery:discover_packages(path) check parameters
[5.357s] Level 1:colcon.colcon_core.package_discovery:discover_packages(colcon_meta) discover
[5.357s] Level 1:colcon.colcon_core.package_discovery:discover_packages(recursive) discover
[5.358s] INFO:colcon.colcon_core.package_discovery:Crawling recursively for packages in '/home/vincent/Documents/IDT/hello_drone'
[5.358s] Level 1:colcon.colcon_core.package_identification:_identify(.) by extensions ['ignore', 'ignore_ament_install']
[5.358s] Level 1:colcon.colcon_core.package_identification:_identify(.) by extension 'ignore'
[5.358s] Level 1:colcon.colcon_core.package_identification:_identify(.) by extension 'ignore_ament_install'
[5.359s] Level 1:colcon.colcon_core.package_identification:_identify(.) by extensions ['colcon_pkg']
[5.359s] Level 1:colcon.colcon_core.package_identification:_identify(.) by extension 'colcon_pkg'
[5.359s] Level 1:colcon.colcon_core.package_identification:_identify(.) by extensions ['colcon_meta']
[5.359s] Level 1:colcon.colcon_core.package_identification:_identify(.) by extension 'colcon_meta'
[5.359s] Level 1:colcon.colcon_core.package_identification:_identify(.) by extensions ['ros']
[5.360s] Level 1:colcon.colcon_core.package_identification:_identify(.) by extension 'ros'
[5.412s] Level 1:colcon.colcon_core.package_identification:_identify(.) by extensions ['cmake', 'python']
[5.412s] Level 1:colcon.colcon_core.package_identification:_identify(.) by extension 'cmake'
[5.413s] Level 1:colcon.colcon_core.package_identification:_identify(.) by extension 'python'
[5.413s] Level 1:colcon.colcon_core.package_identification:_identify(.) by extensions ['python_setup_py']
[5.413s] Level 1:colcon.colcon_core.package_identification:_identify(.) by extension 'python_setup_py'
[5.413s] Level 1:colcon.colcon_core.package_identification:_identify(build) by extensions ['ignore', 'ignore_ament_install']
[5.414s] Level 1:colcon.colcon_core.package_identification:_identify(build) by extension 'ignore'
[5.414s] Level 1:colcon.colcon_core.package_identification:_identify(build) ignored
[5.414s] Level 1:colcon.colcon_core.package_identification:_identify(install) by extensions ['ignore', 'ignore_ament_install']
[5.415s] Level 1:colcon.colcon_core.package_identification:_identify(install) by extension 'ignore'
[5.415s] Level 1:colcon.colcon_core.package_identification:_identify(install) ignored
[5.415s] Level 1:colcon.colcon_core.package_identification:_identify(log) by extensions ['ignore', 'ignore_ament_install']
[5.415s] Level 1:colcon.colcon_core.package_identification:_identify(log) by extension 'ignore'
[5.415s] Level 1:colcon.colcon_core.package_identification:_identify(log) ignored
[5.416s] Level 1:colcon.colcon_core.package_identification:_identify(src) by extensions ['ignore', 'ignore_ament_install']
[5.416s] Level 1:colcon.colcon_core.package_identification:_identify(src) by extension 'ignore'
[5.416s] Level 1:colcon.colcon_core.package_identification:_identify(src) by extension 'ignore_ament_install'
[5.416s] Level 1:colcon.colcon_core.package_identification:_identify(src) by extensions ['colcon_pkg']
[5.416s] Level 1:colcon.colcon_core.package_identification:_identify(src) by extension 'colcon_pkg'
[5.417s] Level 1:colcon.colcon_core.package_identification:_identify(src) by extensions ['colcon_meta']
[5.417s] Level 1:colcon.colcon_core.package_identification:_identify(src) by extension 'colcon_meta'
[5.417s] Level 1:colcon.colcon_core.package_identification:_identify(src) by extensions ['ros']
[5.417s] Level 1:colcon.colcon_core.package_identification:_identify(src) by extension 'ros'
[5.417s] Level 1:colcon.colcon_core.package_identification:_identify(src) by extensions ['cmake', 'python']
[5.417s] Level 1:colcon.colcon_core.package_identification:_identify(src) by extension 'cmake'
[5.418s] Level 1:colcon.colcon_core.package_identification:_identify(src) by extension 'python'
[5.418s] Level 1:colcon.colcon_core.package_identification:_identify(src) by extensions ['python_setup_py']
[5.418s] Level 1:colcon.colcon_core.package_identification:_identify(src) by extension 'python_setup_py'
[5.418s] Level 1:colcon.colcon_core.package_identification:_identify(src/idt) by extensions ['ignore', 'ignore_ament_install']
[5.419s] Level 1:colcon.colcon_core.package_identification:_identify(src/idt) by extension 'ignore'
[5.419s] Level 1:colcon.colcon_core.package_identification:_identify(src/idt) by extension 'ignore_ament_install'
[5.419s] Level 1:colcon.colcon_core.package_identification:_identify(src/idt) by extensions ['colcon_pkg']
[5.419s] Level 1:colcon.colcon_core.package_identification:_identify(src/idt) by extension 'colcon_pkg'
[5.420s] Level 1:colcon.colcon_core.package_identification:_identify(src/idt) by extensions ['colcon_meta']
[5.420s] Level 1:colcon.colcon_core.package_identification:_identify(src/idt) by extension 'colcon_meta'
[5.420s] Level 1:colcon.colcon_core.package_identification:_identify(src/idt) by extensions ['ros']
[5.420s] Level 1:colcon.colcon_core.package_identification:_identify(src/idt) by extension 'ros'
[5.426s] DEBUG:colcon.colcon_core.package_identification:Package 'src/idt' with type 'ros.ament_python' and name 'idt'
[5.427s] Level 1:colcon.colcon_core.package_discovery:discover_packages(recursive) using defaults
[5.427s] Level 1:colcon.colcon_core.package_discovery:discover_packages(ignore) discover
[5.427s] Level 1:colcon.colcon_core.package_discovery:discover_packages(ignore) using defaults
[5.427s] Level 1:colcon.colcon_core.package_discovery:discover_packages(path) discover
[5.427s] Level 1:colcon.colcon_core.package_discovery:discover_packages(path) using defaults
[5.594s] Level 1:colcon.colcon_core.package_discovery:discover_packages(prefix_path) check parameters
[5.594s] Level 1:colcon.colcon_core.package_discovery:discover_packages(prefix_path) discover
[5.602s] DEBUG:colcon.colcon_installed_package_information.package_discovery:Found 270 installed packages in /opt/ros/humble
[5.618s] Level 1:colcon.colcon_core.package_discovery:discover_packages(prefix_path) using defaults
[5.694s] Level 5:colcon.colcon_core.verb:set package 'idt' build argument 'cmake_args' from command line to 'None'
[5.694s] Level 5:colcon.colcon_core.verb:set package 'idt' build argument 'cmake_target' from command line to 'None'
[5.694s] Level 5:colcon.colcon_core.verb:set package 'idt' build argument 'cmake_target_skip_unavailable' from command line to 'False'
[5.694s] Level 5:colcon.colcon_core.verb:set package 'idt' build argument 'cmake_clean_cache' from command line to 'False'
[5.694s] Level 5:colcon.colcon_core.verb:set package 'idt' build argument 'cmake_clean_first' from command line to 'False'
[5.694s] Level 5:colcon.colcon_core.verb:set package 'idt' build argument 'cmake_force_configure' from command line to 'False'
[5.694s] Level 5:colcon.colcon_core.verb:set package 'idt' build argument 'ament_cmake_args' from command line to 'None'
[5.694s] Level 5:colcon.colcon_core.verb:set package 'idt' build argument 'catkin_cmake_args' from command line to 'None'
[5.694s] Level 5:colcon.colcon_core.verb:set package 'idt' build argument 'catkin_skip_building_tests' from command line to 'False'
[5.694s] DEBUG:colcon.colcon_core.verb:Building package 'idt' with the following arguments: {'ament_cmake_args': None, 'build_base': '/home/vincent/Documents/IDT/hello_drone/build/idt', 'catkin_cmake_args': None, 'catkin_skip_building_tests': False, 'cmake_args': None, 'cmake_clean_cache': False, 'cmake_clean_first': False, 'cmake_force_configure': False, 'cmake_target': None, 'cmake_target_skip_unavailable': False, 'install_base': '/home/vincent/Documents/IDT/hello_drone/install/idt', 'merge_install': False, 'path': '/home/vincent/Documents/IDT/hello_drone/src/idt', 'symlink_install': False, 'test_result_base': None}
[5.695s] INFO:colcon.colcon_core.executor:Executing jobs using 'parallel' executor
[5.696s] DEBUG:colcon.colcon_parallel_executor.executor.parallel:run_until_complete
[5.696s] INFO:colcon.colcon_ros.task.ament_python.build:Building ROS package in '/home/vincent/Documents/IDT/hello_drone/src/idt' with build type 'ament_python'
[5.696s] Level 1:colcon.colcon_core.shell:create_environment_hook('idt', 'ament_prefix_path')
[5.706s] INFO:colcon.colcon_core.plugin_system:Skipping extension 'colcon_core.shell.bat': Not used on non-Windows systems
[5.706s] INFO:colcon.colcon_core.shell:Creating environment hook '/home/vincent/Documents/IDT/hello_drone/install/idt/share/idt/hook/ament_prefix_path.ps1'
[5.708s] INFO:colcon.colcon_core.shell:Creating environment descriptor '/home/vincent/Documents/IDT/hello_drone/install/idt/share/idt/hook/ament_prefix_path.dsv'
[5.722s] INFO:colcon.colcon_core.shell:Creating environment hook '/home/vincent/Documents/IDT/hello_drone/install/idt/share/idt/hook/ament_prefix_path.sh'
[5.724s] INFO:colcon.colcon_core.shell:Skip shell extension 'powershell' for command environment: Not usable outside of PowerShell
[5.724s] DEBUG:colcon.colcon_core.shell:Skip shell extension 'dsv' for command environment
[6.195s] INFO:colcon.colcon_core.task.python.build:Building Python package in '/home/vincent/Documents/IDT/hello_drone/src/idt'
[6.195s] INFO:colcon.colcon_core.shell:Skip shell extension 'powershell' for command environment: Not usable outside of PowerShell
[6.195s] DEBUG:colcon.colcon_core.shell:Skip shell extension 'dsv' for command environment
[7.676s] DEBUG:colcon.colcon_core.event_handler.log_command:Invoking command in '/home/vincent/Documents/IDT/hello_drone/src/idt': PYTHONPATH=/home/vincent/Documents/IDT/hello_drone/build/idt/prefix_override:/usr/lib/python3/dist-packages/colcon_core/task/python/colcon_distutils_commands:/home/vincent/Documents/IDT/hello_drone/install/idt/lib/python3.10/site-packages:${PYTHONPATH} /usr/bin/python3 -W ignore:setup.py install is deprecated setup.py egg_info --egg-base ../../build/idt build --build-base /home/vincent/Documents/IDT/hello_drone/build/idt/build install --record /home/vincent/Documents/IDT/hello_drone/build/idt/install.log --single-version-externally-managed install_data
[8.050s] DEBUG:colcon.colcon_core.event_handler.log_command:Invoked command in '/home/vincent/Documents/IDT/hello_drone/src/idt' returned '0': PYTHONPATH=/home/vincent/Documents/IDT/hello_drone/build/idt/prefix_override:/usr/lib/python3/dist-packages/colcon_core/task/python/colcon_distutils_commands:/home/vincent/Documents/IDT/hello_drone/install/idt/lib/python3.10/site-packages:${PYTHONPATH} /usr/bin/python3 -W ignore:setup.py install is deprecated setup.py egg_info --egg-base ../../build/idt build --build-base /home/vincent/Documents/IDT/hello_drone/build/idt/build install --record /home/vincent/Documents/IDT/hello_drone/build/idt/install.log --single-version-externally-managed install_data
[8.367s] Level 1:colcon.colcon_core.environment:checking '/home/vincent/Documents/IDT/hello_drone/install/idt' for CMake module files
[8.369s] Level 1:colcon.colcon_core.environment:checking '/home/vincent/Documents/IDT/hello_drone/install/idt' for CMake config files
[8.370s] Level 1:colcon.colcon_core.environment:checking '/home/vincent/Documents/IDT/hello_drone/install/idt/lib'
[8.370s] Level 1:colcon.colcon_core.environment:checking '/home/vincent/Documents/IDT/hello_drone/install/idt/bin'
[8.371s] Level 1:colcon.colcon_core.environment:checking '/home/vincent/Documents/IDT/hello_drone/install/idt/lib/pkgconfig/idt.pc'
[8.371s] Level 1:colcon.colcon_core.environment:checking '/home/vincent/Documents/IDT/hello_drone/install/idt/lib/python3.10/site-packages'
[8.371s] Level 1:colcon.colcon_core.shell:create_environment_hook('idt', 'pythonpath')
[8.372s] INFO:colcon.colcon_core.shell:Creating environment hook '/home/vincent/Documents/IDT/hello_drone/install/idt/share/idt/hook/pythonpath.ps1'
[8.373s] INFO:colcon.colcon_core.shell:Creating environment descriptor '/home/vincent/Documents/IDT/hello_drone/install/idt/share/idt/hook/pythonpath.dsv'
[8.373s] INFO:colcon.colcon_core.shell:Creating environment hook '/home/vincent/Documents/IDT/hello_drone/install/idt/share/idt/hook/pythonpath.sh'
[8.375s] Level 1:colcon.colcon_core.environment:checking '/home/vincent/Documents/IDT/hello_drone/install/idt/bin'
[8.375s] Level 1:colcon.colcon_core.environment:create_environment_scripts_only(idt)
[8.376s] INFO:colcon.colcon_core.shell:Creating package script '/home/vincent/Documents/IDT/hello_drone/install/idt/share/idt/package.ps1'
[8.378s] INFO:colcon.colcon_core.shell:Creating package descriptor '/home/vincent/Documents/IDT/hello_drone/install/idt/share/idt/package.dsv'
[8.379s] INFO:colcon.colcon_core.shell:Creating package script '/home/vincent/Documents/IDT/hello_drone/install/idt/share/idt/package.sh'
[8.380s] INFO:colcon.colcon_core.shell:Creating package script '/home/vincent/Documents/IDT/hello_drone/install/idt/share/idt/package.bash'
[8.382s] INFO:colcon.colcon_core.shell:Creating package script '/home/vincent/Documents/IDT/hello_drone/install/idt/share/idt/package.zsh'
[8.383s] Level 1:colcon.colcon_core.environment:create_file_with_runtime_dependencies(/home/vincent/Documents/IDT/hello_drone/install/idt/share/colcon-core/packages/idt)
[8.384s] DEBUG:colcon.colcon_parallel_executor.executor.parallel:closing loop
[8.384s] DEBUG:colcon.colcon_parallel_executor.executor.parallel:loop closed
[8.385s] DEBUG:colcon.colcon_parallel_executor.executor.parallel:run_until_complete finished with '0'
[8.385s] DEBUG:colcon.colcon_core.event_reactor:joining thread
[8.424s] INFO:colcon.colcon_core.plugin_system:Skipping extension 'colcon_notification.desktop_notification.terminal_notifier': Not used on non-Darwin systems
[8.424s] INFO:colcon.colcon_core.plugin_system:Skipping extension 'colcon_notification.desktop_notification.win32': Not used on non-Windows systems
[8.424s] INFO:colcon.colcon_notification.desktop_notification:Sending desktop notification using 'notify2'
[8.461s] DEBUG:colcon.colcon_core.event_reactor:joined thread
[8.461s] INFO:colcon.colcon_core.shell:Creating prefix script '/home/vincent/Documents/IDT/hello_drone/install/local_setup.ps1'
[8.505s] INFO:colcon.colcon_core.shell:Creating prefix util module '/home/vincent/Documents/IDT/hello_drone/install/_local_setup_util_ps1.py'
[8.576s] INFO:colcon.colcon_core.shell:Creating prefix chain script '/home/vincent/Documents/IDT/hello_drone/install/setup.ps1'
[8.631s] INFO:colcon.colcon_core.shell:Creating prefix script '/home/vincent/Documents/IDT/hello_drone/install/local_setup.sh'
[8.710s] INFO:colcon.colcon_core.shell:Creating prefix util module '/home/vincent/Documents/IDT/hello_drone/install/_local_setup_util_sh.py'
[8.711s] INFO:colcon.colcon_core.shell:Creating prefix chain script '/home/vincent/Documents/IDT/hello_drone/install/setup.sh'
[8.746s] INFO:colcon.colcon_core.shell:Creating prefix script '/home/vincent/Documents/IDT/hello_drone/install/local_setup.bash'
[8.780s] INFO:colcon.colcon_core.shell:Creating prefix chain script '/home/vincent/Documents/IDT/hello_drone/install/setup.bash'
[8.854s] INFO:colcon.colcon_core.shell:Creating prefix script '/home/vincent/Documents/IDT/hello_drone/install/local_setup.zsh'
[8.882s] INFO:colcon.colcon_core.shell:Creating prefix chain script '/home/vincent/Documents/IDT/hello_drone/install/setup.zsh'
