/home/vincent/Downloads/course_materials/idt_ros2_nodes/src/idt/install/idt/lib/python3.10/site-packages/idt/__init__.py
/home/vincent/Downloads/course_materials/idt_ros2_nodes/src/idt/install/idt/lib/python3.10/site-packages/idt/hello_drone.py
/home/vincent/Downloads/course_materials/idt_ros2_nodes/src/idt/install/idt/lib/python3.10/site-packages/idt/get_radio_rssi.py
/home/vincent/Downloads/course_materials/idt_ros2_nodes/src/idt/install/idt/lib/python3.10/site-packages/idt/get_global_pos.py
/home/vincent/Downloads/course_materials/idt_ros2_nodes/src/idt/install/idt/lib/python3.10/site-packages/idt/__pycache__/__init__.cpython-310.pyc
/home/vincent/Downloads/course_materials/idt_ros2_nodes/src/idt/install/idt/lib/python3.10/site-packages/idt/__pycache__/hello_drone.cpython-310.pyc
/home/vincent/Downloads/course_materials/idt_ros2_nodes/src/idt/install/idt/lib/python3.10/site-packages/idt/__pycache__/get_radio_rssi.cpython-310.pyc
/home/vincent/Downloads/course_materials/idt_ros2_nodes/src/idt/install/idt/lib/python3.10/site-packages/idt/__pycache__/get_global_pos.cpython-310.pyc
/home/vincent/Downloads/course_materials/idt_ros2_nodes/src/idt/install/idt/share/ament_index/resource_index/packages/idt
/home/vincent/Downloads/course_materials/idt_ros2_nodes/src/idt/install/idt/share/idt/package.xml
/home/vincent/Downloads/course_materials/idt_ros2_nodes/src/idt/install/idt/lib/python3.10/site-packages/idt-0.1.0-py3.10.egg-info/zip-safe
/home/vincent/Downloads/course_materials/idt_ros2_nodes/src/idt/install/idt/lib/python3.10/site-packages/idt-0.1.0-py3.10.egg-info/entry_points.txt
/home/vincent/Downloads/course_materials/idt_ros2_nodes/src/idt/install/idt/lib/python3.10/site-packages/idt-0.1.0-py3.10.egg-info/dependency_links.txt
/home/vincent/Downloads/course_materials/idt_ros2_nodes/src/idt/install/idt/lib/python3.10/site-packages/idt-0.1.0-py3.10.egg-info/requires.txt
/home/vincent/Downloads/course_materials/idt_ros2_nodes/src/idt/install/idt/lib/python3.10/site-packages/idt-0.1.0-py3.10.egg-info/SOURCES.txt
/home/vincent/Downloads/course_materials/idt_ros2_nodes/src/idt/install/idt/lib/python3.10/site-packages/idt-0.1.0-py3.10.egg-info/PKG-INFO
/home/vincent/Downloads/course_materials/idt_ros2_nodes/src/idt/install/idt/lib/python3.10/site-packages/idt-0.1.0-py3.10.egg-info/top_level.txt
/home/vincent/Downloads/course_materials/idt_ros2_nodes/src/idt/install/idt/lib/idt/get_global_pos
/home/vincent/Downloads/course_materials/idt_ros2_nodes/src/idt/install/idt/lib/idt/get_radio_rssi
/home/vincent/Downloads/course_materials/idt_ros2_nodes/src/idt/install/idt/lib/idt/hello_drone
