[2.654s] DEBUG:colcon:Command line arguments: ['/usr/bin/colcon', 'build']
[2.654s] DEBUG:colcon:Parsed command line arguments: Namespace(log_base=None, log_level=None, verb_name='build', build_base='build', install_base='install', merge_install=False, symlink_install=False, test_result_base=None, continue_on_error=False, executor='parallel', parallel_workers=4, event_handlers=None, ignore_user_meta=False, metas=['./colcon.meta'], base_paths=['.'], packages_ignore=None, packages_ignore_regex=None, paths=None, packages_up_to=None, packages_up_to_regex=None, packages_above=None, packages_above_and_dependencies=None, packages_above_depth=None, packages_select_by_dep=None, packages_skip_by_dep=None, packages_skip_up_to=None, packages_select_build_failed=False, packages_skip_build_finished=False, packages_select_test_failures=False, packages_skip_test_passed=False, packages_select=None, packages_skip=None, packages_select_regex=None, packages_skip_regex=None, packages_start=None, packages_end=None, allow_overriding=[], cmake_args=None, cmake_target=None, cmake_target_skip_unavailable=False, cmake_clean_cache=False, cmake_clean_first=False, cmake_force_configure=False, ament_cmake_args=None, catkin_cmake_args=None, catkin_skip_building_tests=False, mixin_files=None, mixin=None, verb_parser=<colcon_mixin.mixin.mixin_argument.MixinArgumentDecorator object at 0x762096c49870>, verb_extension=<colcon_core.verb.build.BuildVerb object at 0x762096c493c0>, main=<bound method BuildVerb.main of <colcon_core.verb.build.BuildVerb object at 0x762096c493c0>>, mixin_verb=('build',))
[11.317s] Level 1:colcon.colcon_core.package_discovery:discover_packages(colcon_meta) check parameters
[11.318s] Level 1:colcon.colcon_core.package_discovery:discover_packages(recursive) check parameters
[11.318s] Level 1:colcon.colcon_core.package_discovery:discover_packages(ignore) check parameters
[11.318s] Level 1:colcon.colcon_core.package_discovery:discover_packages(path) check parameters
[11.318s] Level 1:colcon.colcon_core.package_discovery:discover_packages(colcon_meta) discover
[11.319s] Level 1:colcon.colcon_core.package_discovery:discover_packages(recursive) discover
[11.319s] INFO:colcon.colcon_core.package_discovery:Crawling recursively for packages in '/home/vincent/Downloads/course_materials/idt_ros2_nodes/src/idt'
[11.319s] Level 1:colcon.colcon_core.package_identification:_identify(.) by extensions ['ignore', 'ignore_ament_install']
[11.319s] Level 1:colcon.colcon_core.package_identification:_identify(.) by extension 'ignore'
[11.320s] Level 1:colcon.colcon_core.package_identification:_identify(.) by extension 'ignore_ament_install'
[11.320s] Level 1:colcon.colcon_core.package_identification:_identify(.) by extensions ['colcon_pkg']
[11.320s] Level 1:colcon.colcon_core.package_identification:_identify(.) by extension 'colcon_pkg'
[11.320s] Level 1:colcon.colcon_core.package_identification:_identify(.) by extensions ['colcon_meta']
[11.320s] Level 1:colcon.colcon_core.package_identification:_identify(.) by extension 'colcon_meta'
[11.321s] Level 1:colcon.colcon_core.package_identification:_identify(.) by extensions ['ros']
[11.321s] Level 1:colcon.colcon_core.package_identification:_identify(.) by extension 'ros'
[11.401s] DEBUG:colcon.colcon_core.package_identification:Package '.' with type 'ros.ament_python' and name 'idt'
[11.401s] Level 1:colcon.colcon_core.package_discovery:discover_packages(recursive) using defaults
[11.401s] Level 1:colcon.colcon_core.package_discovery:discover_packages(ignore) discover
[11.402s] Level 1:colcon.colcon_core.package_discovery:discover_packages(ignore) using defaults
[11.402s] Level 1:colcon.colcon_core.package_discovery:discover_packages(path) discover
[11.402s] Level 1:colcon.colcon_core.package_discovery:discover_packages(path) using defaults
[12.800s] Level 1:colcon.colcon_core.package_discovery:discover_packages(prefix_path) check parameters
[12.800s] Level 1:colcon.colcon_core.package_discovery:discover_packages(prefix_path) discover
[12.843s] DEBUG:colcon.colcon_installed_package_information.package_discovery:Found 277 installed packages in /opt/ros/humble
[12.851s] Level 1:colcon.colcon_core.package_discovery:discover_packages(prefix_path) using defaults
[13.222s] Level 5:colcon.colcon_core.verb:set package 'idt' build argument 'cmake_args' from command line to 'None'
[13.222s] Level 5:colcon.colcon_core.verb:set package 'idt' build argument 'cmake_target' from command line to 'None'
[13.222s] Level 5:colcon.colcon_core.verb:set package 'idt' build argument 'cmake_target_skip_unavailable' from command line to 'False'
[13.222s] Level 5:colcon.colcon_core.verb:set package 'idt' build argument 'cmake_clean_cache' from command line to 'False'
[13.222s] Level 5:colcon.colcon_core.verb:set package 'idt' build argument 'cmake_clean_first' from command line to 'False'
[13.223s] Level 5:colcon.colcon_core.verb:set package 'idt' build argument 'cmake_force_configure' from command line to 'False'
[13.223s] Level 5:colcon.colcon_core.verb:set package 'idt' build argument 'ament_cmake_args' from command line to 'None'
[13.223s] Level 5:colcon.colcon_core.verb:set package 'idt' build argument 'catkin_cmake_args' from command line to 'None'
[13.223s] Level 5:colcon.colcon_core.verb:set package 'idt' build argument 'catkin_skip_building_tests' from command line to 'False'
[13.223s] DEBUG:colcon.colcon_core.verb:Building package 'idt' with the following arguments: {'ament_cmake_args': None, 'build_base': '/home/vincent/Downloads/course_materials/idt_ros2_nodes/src/idt/build/idt', 'catkin_cmake_args': None, 'catkin_skip_building_tests': False, 'cmake_args': None, 'cmake_clean_cache': False, 'cmake_clean_first': False, 'cmake_force_configure': False, 'cmake_target': None, 'cmake_target_skip_unavailable': False, 'install_base': '/home/vincent/Downloads/course_materials/idt_ros2_nodes/src/idt/install/idt', 'merge_install': False, 'path': '/home/vincent/Downloads/course_materials/idt_ros2_nodes/src/idt', 'symlink_install': False, 'test_result_base': None}
[13.223s] INFO:colcon.colcon_core.executor:Executing jobs using 'parallel' executor
[13.224s] DEBUG:colcon.colcon_parallel_executor.executor.parallel:run_until_complete
[13.225s] INFO:colcon.colcon_ros.task.ament_python.build:Building ROS package in '/home/vincent/Downloads/course_materials/idt_ros2_nodes/src/idt' with build type 'ament_python'
[13.225s] Level 1:colcon.colcon_core.shell:create_environment_hook('idt', 'ament_prefix_path')
[13.234s] INFO:colcon.colcon_core.plugin_system:Skipping extension 'colcon_core.shell.bat': Not used on non-Windows systems
[13.235s] INFO:colcon.colcon_core.shell:Creating environment hook '/home/vincent/Downloads/course_materials/idt_ros2_nodes/src/idt/install/idt/share/idt/hook/ament_prefix_path.ps1'
[13.237s] INFO:colcon.colcon_core.shell:Creating environment descriptor '/home/vincent/Downloads/course_materials/idt_ros2_nodes/src/idt/install/idt/share/idt/hook/ament_prefix_path.dsv'
[13.238s] INFO:colcon.colcon_core.shell:Creating environment hook '/home/vincent/Downloads/course_materials/idt_ros2_nodes/src/idt/install/idt/share/idt/hook/ament_prefix_path.sh'
[13.240s] INFO:colcon.colcon_core.shell:Skip shell extension 'powershell' for command environment: Not usable outside of PowerShell
[13.240s] DEBUG:colcon.colcon_core.shell:Skip shell extension 'dsv' for command environment
[13.872s] INFO:colcon.colcon_core.task.python.build:Building Python package in '/home/vincent/Downloads/course_materials/idt_ros2_nodes/src/idt'
[13.873s] INFO:colcon.colcon_core.shell:Skip shell extension 'powershell' for command environment: Not usable outside of PowerShell
[13.873s] DEBUG:colcon.colcon_core.shell:Skip shell extension 'dsv' for command environment
[16.754s] DEBUG:colcon.colcon_core.event_handler.log_command:Invoking command in '/home/vincent/Downloads/course_materials/idt_ros2_nodes/src/idt': PYTHONPATH=/home/vincent/Downloads/course_materials/idt_ros2_nodes/src/idt/build/idt/prefix_override:/usr/lib/python3/dist-packages/colcon_core/task/python/colcon_distutils_commands:/home/vincent/Downloads/course_materials/idt_ros2_nodes/src/idt/install/idt/lib/python3.10/site-packages:${PYTHONPATH} /usr/bin/python3 -W ignore:setup.py install is deprecated setup.py egg_info --egg-base build/idt build --build-base /home/vincent/Downloads/course_materials/idt_ros2_nodes/src/idt/build/idt/build install --record /home/vincent/Downloads/course_materials/idt_ros2_nodes/src/idt/build/idt/install.log --single-version-externally-managed install_data
[17.143s] DEBUG:colcon.colcon_core.event_handler.log_command:Invoked command in '/home/vincent/Downloads/course_materials/idt_ros2_nodes/src/idt' returned '0': PYTHONPATH=/home/vincent/Downloads/course_materials/idt_ros2_nodes/src/idt/build/idt/prefix_override:/usr/lib/python3/dist-packages/colcon_core/task/python/colcon_distutils_commands:/home/vincent/Downloads/course_materials/idt_ros2_nodes/src/idt/install/idt/lib/python3.10/site-packages:${PYTHONPATH} /usr/bin/python3 -W ignore:setup.py install is deprecated setup.py egg_info --egg-base build/idt build --build-base /home/vincent/Downloads/course_materials/idt_ros2_nodes/src/idt/build/idt/build install --record /home/vincent/Downloads/course_materials/idt_ros2_nodes/src/idt/build/idt/install.log --single-version-externally-managed install_data
[17.187s] Level 1:colcon.colcon_core.environment:checking '/home/vincent/Downloads/course_materials/idt_ros2_nodes/src/idt/install/idt' for CMake module files
[17.189s] Level 1:colcon.colcon_core.environment:checking '/home/vincent/Downloads/course_materials/idt_ros2_nodes/src/idt/install/idt' for CMake config files
[17.191s] Level 1:colcon.colcon_core.environment:checking '/home/vincent/Downloads/course_materials/idt_ros2_nodes/src/idt/install/idt/lib'
[17.192s] Level 1:colcon.colcon_core.environment:checking '/home/vincent/Downloads/course_materials/idt_ros2_nodes/src/idt/install/idt/bin'
[17.192s] Level 1:colcon.colcon_core.environment:checking '/home/vincent/Downloads/course_materials/idt_ros2_nodes/src/idt/install/idt/lib/pkgconfig/idt.pc'
[17.193s] Level 1:colcon.colcon_core.environment:checking '/home/vincent/Downloads/course_materials/idt_ros2_nodes/src/idt/install/idt/lib/python3.10/site-packages'
[17.193s] Level 1:colcon.colcon_core.shell:create_environment_hook('idt', 'pythonpath')
[17.194s] INFO:colcon.colcon_core.shell:Creating environment hook '/home/vincent/Downloads/course_materials/idt_ros2_nodes/src/idt/install/idt/share/idt/hook/pythonpath.ps1'
[17.195s] INFO:colcon.colcon_core.shell:Creating environment descriptor '/home/vincent/Downloads/course_materials/idt_ros2_nodes/src/idt/install/idt/share/idt/hook/pythonpath.dsv'
[17.196s] INFO:colcon.colcon_core.shell:Creating environment hook '/home/vincent/Downloads/course_materials/idt_ros2_nodes/src/idt/install/idt/share/idt/hook/pythonpath.sh'
[17.199s] Level 1:colcon.colcon_core.environment:checking '/home/vincent/Downloads/course_materials/idt_ros2_nodes/src/idt/install/idt/bin'
[17.199s] Level 1:colcon.colcon_core.environment:create_environment_scripts_only(idt)
[17.200s] INFO:colcon.colcon_core.shell:Creating package script '/home/vincent/Downloads/course_materials/idt_ros2_nodes/src/idt/install/idt/share/idt/package.ps1'
[17.204s] INFO:colcon.colcon_core.shell:Creating package descriptor '/home/vincent/Downloads/course_materials/idt_ros2_nodes/src/idt/install/idt/share/idt/package.dsv'
[17.207s] INFO:colcon.colcon_core.shell:Creating package script '/home/vincent/Downloads/course_materials/idt_ros2_nodes/src/idt/install/idt/share/idt/package.sh'
[17.210s] INFO:colcon.colcon_core.shell:Creating package script '/home/vincent/Downloads/course_materials/idt_ros2_nodes/src/idt/install/idt/share/idt/package.bash'
[17.214s] INFO:colcon.colcon_core.shell:Creating package script '/home/vincent/Downloads/course_materials/idt_ros2_nodes/src/idt/install/idt/share/idt/package.zsh'
[17.217s] Level 1:colcon.colcon_core.environment:create_file_with_runtime_dependencies(/home/vincent/Downloads/course_materials/idt_ros2_nodes/src/idt/install/idt/share/colcon-core/packages/idt)
[17.218s] DEBUG:colcon.colcon_parallel_executor.executor.parallel:closing loop
[17.220s] DEBUG:colcon.colcon_parallel_executor.executor.parallel:loop closed
[17.220s] DEBUG:colcon.colcon_parallel_executor.executor.parallel:run_until_complete finished with '0'
[17.221s] DEBUG:colcon.colcon_core.event_reactor:joining thread
[17.243s] INFO:colcon.colcon_core.plugin_system:Skipping extension 'colcon_notification.desktop_notification.terminal_notifier': Not used on non-Darwin systems
[17.243s] INFO:colcon.colcon_core.plugin_system:Skipping extension 'colcon_notification.desktop_notification.win32': Not used on non-Windows systems
[17.243s] INFO:colcon.colcon_notification.desktop_notification:Sending desktop notification using 'notify2'
[17.300s] DEBUG:colcon.colcon_core.event_reactor:joined thread
[17.301s] INFO:colcon.colcon_core.shell:Creating prefix script '/home/vincent/Downloads/course_materials/idt_ros2_nodes/src/idt/install/local_setup.ps1'
[17.305s] INFO:colcon.colcon_core.shell:Creating prefix util module '/home/vincent/Downloads/course_materials/idt_ros2_nodes/src/idt/install/_local_setup_util_ps1.py'
[17.310s] INFO:colcon.colcon_core.shell:Creating prefix chain script '/home/vincent/Downloads/course_materials/idt_ros2_nodes/src/idt/install/setup.ps1'
[17.314s] INFO:colcon.colcon_core.shell:Creating prefix script '/home/vincent/Downloads/course_materials/idt_ros2_nodes/src/idt/install/local_setup.sh'
[17.316s] INFO:colcon.colcon_core.shell:Creating prefix util module '/home/vincent/Downloads/course_materials/idt_ros2_nodes/src/idt/install/_local_setup_util_sh.py'
[17.318s] INFO:colcon.colcon_core.shell:Creating prefix chain script '/home/vincent/Downloads/course_materials/idt_ros2_nodes/src/idt/install/setup.sh'
[17.321s] INFO:colcon.colcon_core.shell:Creating prefix script '/home/vincent/Downloads/course_materials/idt_ros2_nodes/src/idt/install/local_setup.bash'
[17.322s] INFO:colcon.colcon_core.shell:Creating prefix chain script '/home/vincent/Downloads/course_materials/idt_ros2_nodes/src/idt/install/setup.bash'
[17.324s] INFO:colcon.colcon_core.shell:Creating prefix script '/home/vincent/Downloads/course_materials/idt_ros2_nodes/src/idt/install/local_setup.zsh'
[17.325s] INFO:colcon.colcon_core.shell:Creating prefix chain script '/home/vincent/Downloads/course_materials/idt_ros2_nodes/src/idt/install/setup.zsh'
