[2.332s] Invoking command in '/home/vincent/Documents/IDT/hello_drone/src/idt': PYTHONPATH=/home/vincent/Documents/IDT/hello_drone/build/idt/prefix_override:/usr/lib/python3/dist-packages/colcon_core/task/python/colcon_distutils_commands:/home/vincent/Documents/IDT/hello_drone/install/idt/lib/python3.10/site-packages:${PYTHONPATH} /usr/bin/python3 -W ignore:setup.py install is deprecated setup.py egg_info --egg-base ../../build/idt build --build-base /home/vincent/Documents/IDT/hello_drone/build/idt/build install --record /home/vincent/Documents/IDT/hello_drone/build/idt/install.log --single-version-externally-managed install_data
[2.628s] running egg_info
[2.629s] writing ../../build/idt/idt.egg-info/PKG-INFO
[2.629s] writing dependency_links to ../../build/idt/idt.egg-info/dependency_links.txt
[2.629s] writing entry points to ../../build/idt/idt.egg-info/entry_points.txt
[2.630s] writing requirements to ../../build/idt/idt.egg-info/requires.txt
[2.630s] writing top-level names to ../../build/idt/idt.egg-info/top_level.txt
[2.632s] reading manifest file '../../build/idt/idt.egg-info/SOURCES.txt'
[2.634s] writing manifest file '../../build/idt/idt.egg-info/SOURCES.txt'
[2.634s] running build
[2.634s] running build_py
[2.634s] running install
[2.635s] running install_lib
[2.636s] running install_data
[2.636s] running install_egg_info
[2.639s] removing '/home/vincent/Documents/IDT/hello_drone/install/idt/lib/python3.10/site-packages/idt-0.1.0-py3.10.egg-info' (and everything under it)
[2.639s] Copying ../../build/idt/idt.egg-info to /home/vincent/Documents/IDT/hello_drone/install/idt/lib/python3.10/site-packages/idt-0.1.0-py3.10.egg-info
[2.641s] running install_scripts
[2.666s] Installing get_global_pos script to /home/vincent/Documents/IDT/hello_drone/install/idt/lib/idt
[2.666s] Installing hello_drone script to /home/vincent/Documents/IDT/hello_drone/install/idt/lib/idt
[2.666s] writing list of installed files to '/home/vincent/Documents/IDT/hello_drone/build/idt/install.log'
[2.703s] Invoked command in '/home/vincent/Documents/IDT/hello_drone/src/idt' returned '0': PYTHONPATH=/home/vincent/Documents/IDT/hello_drone/build/idt/prefix_override:/usr/lib/python3/dist-packages/colcon_core/task/python/colcon_distutils_commands:/home/vincent/Documents/IDT/hello_drone/install/idt/lib/python3.10/site-packages:${PYTHONPATH} /usr/bin/python3 -W ignore:setup.py install is deprecated setup.py egg_info --egg-base ../../build/idt build --build-base /home/vincent/Documents/IDT/hello_drone/build/idt/build install --record /home/vincent/Documents/IDT/hello_drone/build/idt/install.log --single-version-externally-managed install_data
